<?xml version="1.0" encoding="UTF-8"?>
<!-- Generated by org.testng.reporters.JUnitReportReporter -->
<testsuite hostname="DESKTOP-8L2GU0D" failures="0" tests="1" name="Test.Search" time="30.517" errors="0" timestamp="2020-10-31T00:19:31 ICT" skipped="0">
  <testcase classname="Test.Search" name="search" time="30.517"/>
  <system-out/>
</testsuite> <!-- Test.Search -->
