<?xml version="1.0" encoding="UTF-8"?>
<!-- Generated by org.testng.reporters.JUnitReportReporter -->
<testsuite hostname="DESKTOP-8L2GU0D" failures="0" tests="6" name="Test.LoginTest" time="76.373" errors="0" timestamp="2020-10-31T00:02:24 ICT" skipped="0">
  <testcase classname="Test.LoginTest" name="loginSuccessful" time="13.559"/>
  <system-out/>
  <testcase classname="Test.LoginTest" name="loginEmptyUsrPw" time="12.906"/>
  <system-out/>
  <testcase classname="Test.LoginTest" name="loginEmptyUsrerName" time="12.990"/>
  <system-out/>
  <testcase classname="Test.LoginTest" name="loginEmptyPassword" time="12.031"/>
  <system-out/>
  <testcase classname="Test.LoginTest" name="loginUsernameIncorrect" time="12.273"/>
  <system-out/>
  <testcase classname="Test.LoginTest" name="loginPasswordIncorrect" time="12.614"/>
  <system-out/>
</testsuite> <!-- Test.LoginTest -->
